<?xml version="1.0" encoding="utf-8"?><testsuites name="pytest tests"><testsuite name="pytest" errors="0" failures="0" skipped="0" tests="10" time="1.892" timestamp="2026-07-29T14:05:20.870882+00:00" hostname="agent-env-e9e91bd6-70be-49ff-927c-80d348891c7d"><testcase classname="tests.test_dispatch_backend" name="test_health" time="0.251" /><testcase classname="tests.test_dispatch_backend.TestAuth" name="test_otp_request_returns_devotp" time="0.059" /><testcase classname="tests.test_dispatch_backend.TestAuth" name="test_otp_verify_success" time="0.068" /><testcase classname="tests.test_dispatch_backend.TestAuth" name="test_otp_verify_wrong_code" time="0.100" /><testcase classname="tests.test_dispatch_backend.TestWorkerMe" name="test_me" time="0.169" /><testcase classname="tests.test_dispatch_backend.TestOffers" name="test_offers_returned_and_sorted" time="0.170" /><testcase classname="tests.test_dispatch_backend.TestShiftLifecycle" name="test_full_lifecycle" time="0.832" /><testcase classname="tests.test_dispatch_backend.TestEarnings" name="test_earnings" time="0.047" /><testcase classname="tests.test_dispatch_backend.TestNotifications" name="test_list_and_read_all" time="0.097" /><testcase classname="tests.test_dispatch_backend.TestTrust" name="test_trust_score_present" time="0.050" /></testsuite></testsuites>